Connecting to database specified by database.yml
  [1m[36m (0.1ms)[0m  [1mselect sqlite_version(*)[0m
  [1m[35m (0.9ms)[0m  CREATE TABLE "schema_migrations" ("version" varchar(255) NOT NULL) 
  [1m[36m (0.0ms)[0m  [1mPRAGMA index_list("schema_migrations")[0m
  [1m[35m (0.7ms)[0m  CREATE UNIQUE INDEX "unique_schema_migrations" ON "schema_migrations" ("version")
  [1m[36m (0.3ms)[0m  [1mselect sqlite_version(*)[0m
  [1m[35m (0.1ms)[0m  SELECT "schema_migrations"."version" FROM "schema_migrations" 


Started GET "/assets/rails.png" for 127.0.0.1 at 2012-10-08 11:55:55 +0530
Connecting to database specified by database.yml
Served asset /rails.png - 200 OK (5ms)


Started GET "/student/show" for 127.0.0.1 at 2012-10-08 11:56:02 +0530
Processing by StudentController#show as HTML
Completed 500 Internal Server Error in 33ms

ActionView::MissingTemplate (Missing template student/show, application/show with {:locale=>[:en], :formats=>[:html], :handlers=>[:erb, :builder, :coffee]}. Searched in:
  * "/Users/Shilpa/CampusHunter/app/views"
):
  actionpack (3.2.8) lib/action_view/path_set.rb:58:in `find'
  actionpack (3.2.8) lib/action_view/lookup_context.rb:109:in `find'
  actionpack (3.2.8) lib/action_view/renderer/abstract_renderer.rb:3:in `find_template'
  actionpack (3.2.8) lib/action_view/renderer/template_renderer.rb:34:in `determine_template'
  actionpack (3.2.8) lib/action_view/renderer/template_renderer.rb:10:in `render'
  actionpack (3.2.8) lib/action_view/renderer/renderer.rb:36:in `render_template'
  actionpack (3.2.8) lib/action_view/renderer/renderer.rb:17:in `render'
  actionpack (3.2.8) lib/abstract_controller/rendering.rb:110:in `_render_template'
  actionpack (3.2.8) lib/action_controller/metal/streaming.rb:225:in `_render_template'
  actionpack (3.2.8) lib/abstract_controller/rendering.rb:103:in `render_to_body'
  actionpack (3.2.8) lib/action_controller/metal/renderers.rb:28:in `render_to_body'
  actionpack (3.2.8) lib/action_controller/metal/compatibility.rb:50:in `render_to_body'
  actionpack (3.2.8) lib/abstract_controller/rendering.rb:88:in `render'
  actionpack (3.2.8) lib/action_controller/metal/rendering.rb:16:in `render'
  actionpack (3.2.8) lib/action_controller/metal/instrumentation.rb:40:in `block (2 levels) in render'
  activesupport (3.2.8) lib/active_support/core_ext/benchmark.rb:5:in `block in ms'
  /Users/Shilpa/.rvm/rubies/ruby-1.9.3-p194/lib/ruby/1.9.1/benchmark.rb:295:in `realtime'
  activesupport (3.2.8) lib/active_support/core_ext/benchmark.rb:5:in `ms'
  actionpack (3.2.8) lib/action_controller/metal/instrumentation.rb:40:in `block in render'
  actionpack (3.2.8) lib/action_controller/metal/instrumentation.rb:83:in `cleanup_view_runtime'
  activerecord (3.2.8) lib/active_record/railties/controller_runtime.rb:24:in `cleanup_view_runtime'
  actionpack (3.2.8) lib/action_controller/metal/instrumentation.rb:39:in `render'
  actionpack (3.2.8) lib/action_controller/metal/implicit_render.rb:10:in `default_render'
  actionpack (3.2.8) lib/action_controller/metal/implicit_render.rb:5:in `send_action'
  actionpack (3.2.8) lib/abstract_controller/base.rb:167:in `process_action'
  actionpack (3.2.8) lib/action_controller/metal/rendering.rb:10:in `process_action'
  actionpack (3.2.8) lib/abstract_controller/callbacks.rb:18:in `block in process_action'
  activesupport (3.2.8) lib/active_support/callbacks.rb:414:in `_run__366976137330199267__process_action__3391830312590532500__callbacks'
  activesupport (3.2.8) lib/active_support/callbacks.rb:405:in `__run_callback'
  activesupport (3.2.8) lib/active_support/callbacks.rb:385:in `_run_process_action_callbacks'
  activesupport (3.2.8) lib/active_support/callbacks.rb:81:in `run_callbacks'
  actionpack (3.2.8) lib/abstract_controller/callbacks.rb:17:in `process_action'
  actionpack (3.2.8) lib/action_controller/metal/rescue.rb:29:in `process_action'
  actionpack (3.2.8) lib/action_controller/metal/instrumentation.rb:30:in `block in process_action'
  activesupport (3.2.8) lib/active_support/notifications.rb:123:in `block in instrument'
  activesupport (3.2.8) lib/active_support/notifications/instrumenter.rb:20:in `instrument'
  activesupport (3.2.8) lib/active_support/notifications.rb:123:in `instrument'
  actionpack (3.2.8) lib/action_controller/metal/instrumentation.rb:29:in `process_action'
  actionpack (3.2.8) lib/action_controller/metal/params_wrapper.rb:207:in `process_action'
  activerecord (3.2.8) lib/active_record/railties/controller_runtime.rb:18:in `process_action'
  actionpack (3.2.8) lib/abstract_controller/base.rb:121:in `process'
  actionpack (3.2.8) lib/abstract_controller/rendering.rb:45:in `process'
  actionpack (3.2.8) lib/action_controller/metal.rb:203:in `dispatch'
  actionpack (3.2.8) lib/action_controller/metal/rack_delegation.rb:14:in `dispatch'
  actionpack (3.2.8) lib/action_controller/metal.rb:246:in `block in action'
  actionpack (3.2.8) lib/action_dispatch/routing/route_set.rb:73:in `call'
  actionpack (3.2.8) lib/action_dispatch/routing/route_set.rb:73:in `dispatch'
  actionpack (3.2.8) lib/action_dispatch/routing/route_set.rb:36:in `call'
  journey (1.0.4) lib/journey/router.rb:68:in `block in call'
  journey (1.0.4) lib/journey/router.rb:56:in `each'
  journey (1.0.4) lib/journey/router.rb:56:in `call'
  actionpack (3.2.8) lib/action_dispatch/routing/route_set.rb:600:in `call'
  actionpack (3.2.8) lib/action_dispatch/middleware/best_standards_support.rb:17:in `call'
  rack (1.4.1) lib/rack/etag.rb:23:in `call'
  rack (1.4.1) lib/rack/conditionalget.rb:25:in `call'
  actionpack (3.2.8) lib/action_dispatch/middleware/head.rb:14:in `call'
  actionpack (3.2.8) lib/action_dispatch/middleware/params_parser.rb:21:in `call'
  actionpack (3.2.8) lib/action_dispatch/middleware/flash.rb:242:in `call'
  rack (1.4.1) lib/rack/session/abstract/id.rb:205:in `context'
  rack (1.4.1) lib/rack/session/abstract/id.rb:200:in `call'
  actionpack (3.2.8) lib/action_dispatch/middleware/cookies.rb:339:in `call'
  activerecord (3.2.8) lib/active_record/query_cache.rb:64:in `call'
  activerecord (3.2.8) lib/active_record/connection_adapters/abstract/connection_pool.rb:473:in `call'
  actionpack (3.2.8) lib/action_dispatch/middleware/callbacks.rb:28:in `block in call'
  activesupport (3.2.8) lib/active_support/callbacks.rb:405:in `_run__3857289909565765438__call__4186985862059442312__callbacks'
  activesupport (3.2.8) lib/active_support/callbacks.rb:405:in `__run_callback'
  activesupport (3.2.8) lib/active_support/callbacks.rb:385:in `_run_call_callbacks'
  activesupport (3.2.8) lib/active_support/callbacks.rb:81:in `run_callbacks'
  actionpack (3.2.8) lib/action_dispatch/middleware/callbacks.rb:27:in `call'
  actionpack (3.2.8) lib/action_dispatch/middleware/reloader.rb:65:in `call'
  actionpack (3.2.8) lib/action_dispatch/middleware/remote_ip.rb:31:in `call'
  actionpack (3.2.8) lib/action_dispatch/middleware/debug_exceptions.rb:16:in `call'
  actionpack (3.2.8) lib/action_dispatch/middleware/show_exceptions.rb:56:in `call'
  railties (3.2.8) lib/rails/rack/logger.rb:26:in `call_app'
  railties (3.2.8) lib/rails/rack/logger.rb:16:in `call'
  actionpack (3.2.8) lib/action_dispatch/middleware/request_id.rb:22:in `call'
  rack (1.4.1) lib/rack/methodoverride.rb:21:in `call'
  rack (1.4.1) lib/rack/runtime.rb:17:in `call'
  activesupport (3.2.8) lib/active_support/cache/strategy/local_cache.rb:72:in `call'
  rack (1.4.1) lib/rack/lock.rb:15:in `call'
  actionpack (3.2.8) lib/action_dispatch/middleware/static.rb:62:in `call'
  railties (3.2.8) lib/rails/engine.rb:479:in `call'
  railties (3.2.8) lib/rails/application.rb:223:in `call'
  rack (1.4.1) lib/rack/content_length.rb:14:in `call'
  railties (3.2.8) lib/rails/rack/log_tailer.rb:17:in `call'
  rack (1.4.1) lib/rack/handler/webrick.rb:59:in `service'
  /Users/Shilpa/.rvm/rubies/ruby-1.9.3-p194/lib/ruby/1.9.1/webrick/httpserver.rb:138:in `service'
  /Users/Shilpa/.rvm/rubies/ruby-1.9.3-p194/lib/ruby/1.9.1/webrick/httpserver.rb:94:in `run'
  /Users/Shilpa/.rvm/rubies/ruby-1.9.3-p194/lib/ruby/1.9.1/webrick/server.rb:191:in `block in start_thread'


  Rendered /Users/Shilpa/.rvm/gems/ruby-1.9.3-p194/gems/actionpack-3.2.8/lib/action_dispatch/middleware/templates/rescues/missing_template.erb within rescues/layout (2.2ms)


Started GET "/student/show" for 127.0.0.1 at 2012-10-08 11:57:00 +0530
Processing by StudentController#show as HTML
  Rendered student/show.html.erb within layouts/application (0.4ms)
Compiled stdent.css  (6ms)  (pid 2406)
Compiled application.css  (13ms)  (pid 2406)
Compiled jquery.js  (19ms)  (pid 2406)
Compiled jquery_ujs.js  (0ms)  (pid 2406)
Compiled stdent.js  (57ms)  (pid 2406)
Compiled application.js  (129ms)  (pid 2406)
Completed 200 OK in 185ms (Views: 184.8ms | ActiveRecord: 0.0ms)


Started GET "/assets/stdent.css?body=1" for 127.0.0.1 at 2012-10-08 11:57:01 +0530
Served asset /stdent.css - 200 OK (1ms)


Started GET "/assets/jquery.js?body=1" for 127.0.0.1 at 2012-10-08 11:57:01 +0530
Served asset /jquery.js - 200 OK (5ms)


Started GET "/assets/stdent.js?body=1" for 127.0.0.1 at 2012-10-08 11:57:01 +0530
Served asset /stdent.js - 200 OK (1ms)


Started GET "/assets/jquery_ujs.js?body=1" for 127.0.0.1 at 2012-10-08 11:57:01 +0530
Served asset /jquery_ujs.js - 200 OK (1ms)


Started GET "/assets/application.js?body=1" for 127.0.0.1 at 2012-10-08 11:57:01 +0530
Served asset /application.js - 200 OK (4ms)


Started GET "/assets/application.css?body=1" for 127.0.0.1 at 2012-10-08 11:57:01 +0530
Served asset /application.css - 200 OK (2ms)
Connecting to database specified by database.yml
Connecting to database specified by database.yml
Connecting to database specified by database.yml


Started GET "/student/show" for 127.0.0.1 at 2012-10-08 12:00:40 +0530
Processing by StudentController#show as HTML
  Rendered student/show.html.erb within layouts/application (0.4ms)
Completed 200 OK in 5ms (Views: 5.1ms | ActiveRecord: 0.0ms)


Started GET "/assets/application.css?body=1" for 127.0.0.1 at 2012-10-08 12:00:40 +0530
Served asset /application.css - 304 Not Modified (0ms)


Started GET "/assets/jquery.js?body=1" for 127.0.0.1 at 2012-10-08 12:00:40 +0530
Served asset /jquery.js - 304 Not Modified (0ms)


Started GET "/assets/jquery_ujs.js?body=1" for 127.0.0.1 at 2012-10-08 12:00:40 +0530
Served asset /jquery_ujs.js - 304 Not Modified (0ms)


Started GET "/assets/stdent.css?body=1" for 127.0.0.1 at 2012-10-08 12:00:40 +0530
Served asset /stdent.css - 304 Not Modified (0ms)


Started GET "/assets/stdent.js?body=1" for 127.0.0.1 at 2012-10-08 12:00:40 +0530
Served asset /stdent.js - 304 Not Modified (0ms)


Started GET "/assets/application.js?body=1" for 127.0.0.1 at 2012-10-08 12:00:40 +0530
Served asset /application.js - 304 Not Modified (0ms)


Started GET "/student/show" for 127.0.0.1 at 2012-10-08 12:03:13 +0530
Processing by StudentController#show as HTML
Completed 500 Internal Server Error in 39ms

ActiveRecord::StatementInvalid (Could not find table 'students'):
  app/controllers/student_controller.rb:3:in `show'


  Rendered /Users/Shilpa/.rvm/gems/ruby-1.9.3-p194/gems/actionpack-3.2.8/lib/action_dispatch/middleware/templates/rescues/_trace.erb (1.0ms)
  Rendered /Users/Shilpa/.rvm/gems/ruby-1.9.3-p194/gems/actionpack-3.2.8/lib/action_dispatch/middleware/templates/rescues/_request_and_response.erb (0.8ms)
  Rendered /Users/Shilpa/.rvm/gems/ruby-1.9.3-p194/gems/actionpack-3.2.8/lib/action_dispatch/middleware/templates/rescues/diagnostics.erb within rescues/layout (8.1ms)
Connecting to database specified by database.yml
  [1m[36m (1.6ms)[0m  [1mSELECT "schema_migrations"."version" FROM "schema_migrations" [0m
Migrating to CreateStudents (20121008062916)
  [1m[35m (0.1ms)[0m  select sqlite_version(*)
  [1m[36m (0.0ms)[0m  [1mbegin transaction[0m
  [1m[35m (0.4ms)[0m  CREATE TABLE "students" ("id" INTEGER PRIMARY KEY AUTOINCREMENT NOT NULL, "created_at" datetime NOT NULL, "updated_at" datetime NOT NULL) 
  [1m[36m (0.1ms)[0m  [1mINSERT INTO "schema_migrations" ("version") VALUES ('20121008062916')[0m
  [1m[35m (1.1ms)[0m  commit transaction
  [1m[36m (0.2ms)[0m  [1mselect sqlite_version(*)[0m
  [1m[35m (0.1ms)[0m  SELECT "schema_migrations"."version" FROM "schema_migrations" 
  [1m[36m (0.0ms)[0m  [1mPRAGMA index_list("students")[0m


Started GET "/student/show" for 127.0.0.1 at 2012-10-08 12:07:03 +0530
Processing by StudentController#show as HTML
  [1m[36mStudent Load (0.1ms)[0m  [1mSELECT "students".* FROM "students" [0m
  Rendered student/show.html.erb within layouts/application (0.7ms)
Completed 500 Internal Server Error in 5ms

ActionView::Template::Error (undefined method `name' for []:Array):
    1: <h1>Details of a Student</h1>
    2: <p>Name</p>
    3: <%=  @student.name %>
    4: <p>Branch</p>
    5: <%= @student.branch %>
  app/views/student/show.html.erb:3:in `_app_views_student_show_html_erb__3541231099244776653_70239663835600'


  Rendered /Users/Shilpa/.rvm/gems/ruby-1.9.3-p194/gems/actionpack-3.2.8/lib/action_dispatch/middleware/templates/rescues/_trace.erb (1.0ms)
  Rendered /Users/Shilpa/.rvm/gems/ruby-1.9.3-p194/gems/actionpack-3.2.8/lib/action_dispatch/middleware/templates/rescues/_request_and_response.erb (0.7ms)
  Rendered /Users/Shilpa/.rvm/gems/ruby-1.9.3-p194/gems/actionpack-3.2.8/lib/action_dispatch/middleware/templates/rescues/template_error.erb within rescues/layout (6.3ms)


Started GET "/student/show" for 127.0.0.1 at 2012-10-08 12:09:01 +0530
Processing by StudentController#show as HTML
  [1m[35mStudent Load (0.1ms)[0m  SELECT "students".* FROM "students" 
  Rendered student/show.html.erb within layouts/application (0.4ms)
Completed 500 Internal Server Error in 3ms

ActionView::Template::Error (undefined method `name' for []:Array):
    1: <h1>Details of a Student</h1>
    2: <p>Name</p>
    3: <%=  @student.name %>
    4: <p>Branch</p>
    5: <%= @student.branch %>
  app/views/student/show.html.erb:3:in `_app_views_student_show_html_erb__3541231099244776653_70239663835600'


  Rendered /Users/Shilpa/.rvm/gems/ruby-1.9.3-p194/gems/actionpack-3.2.8/lib/action_dispatch/middleware/templates/rescues/_trace.erb (1.0ms)
  Rendered /Users/Shilpa/.rvm/gems/ruby-1.9.3-p194/gems/actionpack-3.2.8/lib/action_dispatch/middleware/templates/rescues/_request_and_response.erb (0.6ms)
  Rendered /Users/Shilpa/.rvm/gems/ruby-1.9.3-p194/gems/actionpack-3.2.8/lib/action_dispatch/middleware/templates/rescues/template_error.erb within rescues/layout (6.1ms)


Started GET "/student/show" for 127.0.0.1 at 2012-10-08 12:09:03 +0530
Processing by StudentController#show as HTML
  [1m[36mStudent Load (0.2ms)[0m  [1mSELECT "students".* FROM "students" [0m
  Rendered student/show.html.erb within layouts/application (0.8ms)
Completed 500 Internal Server Error in 4ms

ActionView::Template::Error (undefined method `name' for []:Array):
    1: <h1>Details of a Student</h1>
    2: <p>Name</p>
    3: <%=  @student.name %>
    4: <p>Branch</p>
    5: <%= @student.branch %>
  app/views/student/show.html.erb:3:in `_app_views_student_show_html_erb__3541231099244776653_70239663835600'


  Rendered /Users/Shilpa/.rvm/gems/ruby-1.9.3-p194/gems/actionpack-3.2.8/lib/action_dispatch/middleware/templates/rescues/_trace.erb (1.0ms)
  Rendered /Users/Shilpa/.rvm/gems/ruby-1.9.3-p194/gems/actionpack-3.2.8/lib/action_dispatch/middleware/templates/rescues/_request_and_response.erb (0.8ms)
  Rendered /Users/Shilpa/.rvm/gems/ruby-1.9.3-p194/gems/actionpack-3.2.8/lib/action_dispatch/middleware/templates/rescues/template_error.erb within rescues/layout (6.4ms)


Started GET "/student/show" for 127.0.0.1 at 2012-10-08 12:09:04 +0530
Processing by StudentController#show as HTML
  [1m[35mStudent Load (0.2ms)[0m  SELECT "students".* FROM "students" 
  Rendered student/show.html.erb within layouts/application (0.4ms)
Completed 500 Internal Server Error in 2ms

ActionView::Template::Error (undefined method `name' for []:Array):
    1: <h1>Details of a Student</h1>
    2: <p>Name</p>
    3: <%=  @student.name %>
    4: <p>Branch</p>
    5: <%= @student.branch %>
  app/views/student/show.html.erb:3:in `_app_views_student_show_html_erb__3541231099244776653_70239663835600'


  Rendered /Users/Shilpa/.rvm/gems/ruby-1.9.3-p194/gems/actionpack-3.2.8/lib/action_dispatch/middleware/templates/rescues/_trace.erb (1.4ms)
  Rendered /Users/Shilpa/.rvm/gems/ruby-1.9.3-p194/gems/actionpack-3.2.8/lib/action_dispatch/middleware/templates/rescues/_request_and_response.erb (1.0ms)
  Rendered /Users/Shilpa/.rvm/gems/ruby-1.9.3-p194/gems/actionpack-3.2.8/lib/action_dispatch/middleware/templates/rescues/template_error.erb within rescues/layout (9.5ms)
Connecting to database specified by database.yml
  [1m[36m (0.1ms)[0m  [1mSELECT "schema_migrations"."version" FROM "schema_migrations" [0m
Migrating to CreateStudents (20121008062916)
  [1m[35m (0.2ms)[0m  select sqlite_version(*)
  [1m[36m (0.1ms)[0m  [1mSELECT "schema_migrations"."version" FROM "schema_migrations" [0m
  [1m[35m (0.0ms)[0m  PRAGMA index_list("students")
Connecting to database specified by database.yml
Connecting to database specified by database.yml
Connecting to database specified by database.yml
Connecting to database specified by database.yml
  [1m[36m (0.1ms)[0m  [1mSELECT "schema_migrations"."version" FROM "schema_migrations" [0m
Migrating to CreateStudents (20121008064845)
  [1m[35m (0.0ms)[0m  select sqlite_version(*)
  [1m[36m (0.0ms)[0m  [1mbegin transaction[0m
  [1m[35m (0.1ms)[0m  CREATE TABLE "students" ("id" INTEGER PRIMARY KEY AUTOINCREMENT NOT NULL, "name" varchar(255), "branch" varchar(255), "created_at" datetime NOT NULL, "updated_at" datetime NOT NULL) 
SQLite3::SQLException: table "students" already exists: CREATE TABLE "students" ("id" INTEGER PRIMARY KEY AUTOINCREMENT NOT NULL, "name" varchar(255), "branch" varchar(255), "created_at" datetime NOT NULL, "updated_at" datetime NOT NULL) 
  [1m[36m (0.0ms)[0m  [1mrollback transaction[0m


Started GET "/student/show" for 127.0.0.1 at 2012-10-08 12:19:44 +0530
Processing by StudentController#show as HTML
  [1m[36mStudent Load (0.1ms)[0m  [1mSELECT "students".* FROM "students" [0m
  Rendered student/show.html.erb within layouts/application (0.6ms)
Completed 500 Internal Server Error in 5ms

ActionView::Template::Error (undefined method `name' for []:Array):
    1: <h1>Details of a Student</h1>
    2: <p>Name</p>
    3: <%=  @student.name %>
    4: <p>Branch</p>
    5: <%= @student.branch %>
  app/views/student/show.html.erb:3:in `_app_views_student_show_html_erb__3541231099244776653_70239663835600'


  Rendered /Users/Shilpa/.rvm/gems/ruby-1.9.3-p194/gems/actionpack-3.2.8/lib/action_dispatch/middleware/templates/rescues/_trace.erb (1.0ms)
  Rendered /Users/Shilpa/.rvm/gems/ruby-1.9.3-p194/gems/actionpack-3.2.8/lib/action_dispatch/middleware/templates/rescues/_request_and_response.erb (0.7ms)
  Rendered /Users/Shilpa/.rvm/gems/ruby-1.9.3-p194/gems/actionpack-3.2.8/lib/action_dispatch/middleware/templates/rescues/template_error.erb within rescues/layout (6.6ms)


Started GET "/student/show" for 127.0.0.1 at 2012-10-08 12:19:45 +0530
Processing by StudentController#show as HTML
  [1m[35mStudent Load (0.2ms)[0m  SELECT "students".* FROM "students" 
  Rendered student/show.html.erb within layouts/application (0.6ms)
Completed 500 Internal Server Error in 2ms

ActionView::Template::Error (undefined method `name' for []:Array):
    1: <h1>Details of a Student</h1>
    2: <p>Name</p>
    3: <%=  @student.name %>
    4: <p>Branch</p>
    5: <%= @student.branch %>
  app/views/student/show.html.erb:3:in `_app_views_student_show_html_erb__3541231099244776653_70239663835600'


  Rendered /Users/Shilpa/.rvm/gems/ruby-1.9.3-p194/gems/actionpack-3.2.8/lib/action_dispatch/middleware/templates/rescues/_trace.erb (1.0ms)
  Rendered /Users/Shilpa/.rvm/gems/ruby-1.9.3-p194/gems/actionpack-3.2.8/lib/action_dispatch/middleware/templates/rescues/_request_and_response.erb (0.7ms)
  Rendered /Users/Shilpa/.rvm/gems/ruby-1.9.3-p194/gems/actionpack-3.2.8/lib/action_dispatch/middleware/templates/rescues/template_error.erb within rescues/layout (6.1ms)
Connecting to database specified by database.yml
Connecting to database specified by database.yml


Started GET "/student/show" for 127.0.0.1 at 2012-10-08 12:20:32 +0530
Processing by StudentController#show as HTML
  [1m[36mStudent Load (0.1ms)[0m  [1mSELECT "students".* FROM "students" [0m
  Rendered student/show.html.erb within layouts/application (3.9ms)
Completed 500 Internal Server Error in 36ms

ActionView::Template::Error (undefined method `name' for []:Array):
    1: <h1>Details of a Student</h1>
    2: <p>Name</p>
    3: <%=  @student.name %>
    4: <p>Branch</p>
    5: <%= @student.branch %>
  app/views/student/show.html.erb:3:in `_app_views_student_show_html_erb___4011461899158097901_70228034175680'


  Rendered /Users/Shilpa/.rvm/gems/ruby-1.9.3-p194/gems/actionpack-3.2.8/lib/action_dispatch/middleware/templates/rescues/_trace.erb (0.9ms)
  Rendered /Users/Shilpa/.rvm/gems/ruby-1.9.3-p194/gems/actionpack-3.2.8/lib/action_dispatch/middleware/templates/rescues/_request_and_response.erb (0.7ms)
  Rendered /Users/Shilpa/.rvm/gems/ruby-1.9.3-p194/gems/actionpack-3.2.8/lib/action_dispatch/middleware/templates/rescues/template_error.erb within rescues/layout (5.7ms)


Started GET "/student/show" for 127.0.0.1 at 2012-10-08 12:29:04 +0530
Processing by StudentController#show as HTML
  [1m[35mStudent Load (0.2ms)[0m  SELECT "students".* FROM "students" 
  Rendered student/show.html.erb within layouts/application (0.6ms)
Completed 500 Internal Server Error in 3ms

ActionView::Template::Error (undefined method `name' for []:Array):
    1: <h1>Details of a Student</h1>
    2: <p>Name</p>
    3: <%=  @student.name %>
    4: <p>Branch</p>
    5: <%= @student.branch %>
  app/views/student/show.html.erb:3:in `_app_views_student_show_html_erb___4011461899158097901_70228034175680'


  Rendered /Users/Shilpa/.rvm/gems/ruby-1.9.3-p194/gems/actionpack-3.2.8/lib/action_dispatch/middleware/templates/rescues/_trace.erb (0.9ms)
  Rendered /Users/Shilpa/.rvm/gems/ruby-1.9.3-p194/gems/actionpack-3.2.8/lib/action_dispatch/middleware/templates/rescues/_request_and_response.erb (1.0ms)
  Rendered /Users/Shilpa/.rvm/gems/ruby-1.9.3-p194/gems/actionpack-3.2.8/lib/action_dispatch/middleware/templates/rescues/template_error.erb within rescues/layout (7.2ms)


Started GET "/student/show" for 127.0.0.1 at 2012-10-08 12:29:14 +0530
Processing by StudentController#show as HTML
  [1m[36mStudent Load (0.1ms)[0m  [1mSELECT "students".* FROM "students" [0m
  Rendered student/show.html.erb within layouts/application (0.5ms)
Completed 500 Internal Server Error in 2ms

ActionView::Template::Error (undefined method `name' for []:Array):
    1: <h1>Details of a Student</h1>
    2: <p>Name</p>
    3: <%=  @student.name %>
    4: <p>Branch</p>
    5: <%= @student.branch %>
  app/views/student/show.html.erb:3:in `_app_views_student_show_html_erb___4011461899158097901_70228034175680'


  Rendered /Users/Shilpa/.rvm/gems/ruby-1.9.3-p194/gems/actionpack-3.2.8/lib/action_dispatch/middleware/templates/rescues/_trace.erb (1.2ms)
  Rendered /Users/Shilpa/.rvm/gems/ruby-1.9.3-p194/gems/actionpack-3.2.8/lib/action_dispatch/middleware/templates/rescues/_request_and_response.erb (0.9ms)
  Rendered /Users/Shilpa/.rvm/gems/ruby-1.9.3-p194/gems/actionpack-3.2.8/lib/action_dispatch/middleware/templates/rescues/template_error.erb within rescues/layout (8.2ms)


Started GET "/student/show" for 127.0.0.1 at 2012-10-08 12:29:41 +0530
Processing by StudentController#show as HTML
  [1m[35mStudent Load (0.2ms)[0m  SELECT "students".* FROM "students" 
  Rendered student/show.html.erb within layouts/application (1.6ms)
Completed 500 Internal Server Error in 4ms

ActionView::Template::Error (undefined method `name' for []:Array):
    1: <h1>Details of a Student</h1>
    2: <p>Name</p>
    3: <%=  @student.name[0] %>
    4: <p>Branch</p>
    5: <%= @student.branch[0] %>
  app/views/student/show.html.erb:3:in `_app_views_student_show_html_erb___4011461899158097901_70228051681700'


  Rendered /Users/Shilpa/.rvm/gems/ruby-1.9.3-p194/gems/actionpack-3.2.8/lib/action_dispatch/middleware/templates/rescues/_trace.erb (1.6ms)
  Rendered /Users/Shilpa/.rvm/gems/ruby-1.9.3-p194/gems/actionpack-3.2.8/lib/action_dispatch/middleware/templates/rescues/_request_and_response.erb (1.8ms)
  Rendered /Users/Shilpa/.rvm/gems/ruby-1.9.3-p194/gems/actionpack-3.2.8/lib/action_dispatch/middleware/templates/rescues/template_error.erb within rescues/layout (11.5ms)


Started GET "/student/show" for 127.0.0.1 at 2012-10-08 12:29:42 +0530
Processing by StudentController#show as HTML
  [1m[36mStudent Load (0.2ms)[0m  [1mSELECT "students".* FROM "students" [0m
  Rendered student/show.html.erb within layouts/application (0.6ms)
Completed 500 Internal Server Error in 3ms

ActionView::Template::Error (undefined method `name' for []:Array):
    1: <h1>Details of a Student</h1>
    2: <p>Name</p>
    3: <%=  @student.name[0] %>
    4: <p>Branch</p>
    5: <%= @student.branch[0] %>
  app/views/student/show.html.erb:3:in `_app_views_student_show_html_erb___4011461899158097901_70228051681700'


  Rendered /Users/Shilpa/.rvm/gems/ruby-1.9.3-p194/gems/actionpack-3.2.8/lib/action_dispatch/middleware/templates/rescues/_trace.erb (1.4ms)
  Rendered /Users/Shilpa/.rvm/gems/ruby-1.9.3-p194/gems/actionpack-3.2.8/lib/action_dispatch/middleware/templates/rescues/_request_and_response.erb (0.9ms)
  Rendered /Users/Shilpa/.rvm/gems/ruby-1.9.3-p194/gems/actionpack-3.2.8/lib/action_dispatch/middleware/templates/rescues/template_error.erb within rescues/layout (8.9ms)


Started GET "/student/show" for 127.0.0.1 at 2012-10-08 12:30:42 +0530
Processing by StudentController#show as HTML
  [1m[35mStudent Load (0.1ms)[0m  SELECT "students".* FROM "students" 
  Rendered student/show.html.erb within layouts/application (0.8ms)
Completed 500 Internal Server Error in 3ms

ActionView::Template::Error (undefined method `name' for nil:NilClass):
    1: <h1>Details of a Student</h1>
    2: <p>Name</p>
    3: <%=  @student[0].name %>
    4: <p>Branch</p>
    5: <%= @student[0].branch %>
  app/views/student/show.html.erb:3:in `_app_views_student_show_html_erb___4011461899158097901_70228051707220'


  Rendered /Users/Shilpa/.rvm/gems/ruby-1.9.3-p194/gems/actionpack-3.2.8/lib/action_dispatch/middleware/templates/rescues/_trace.erb (1.9ms)
  Rendered /Users/Shilpa/.rvm/gems/ruby-1.9.3-p194/gems/actionpack-3.2.8/lib/action_dispatch/middleware/templates/rescues/_request_and_response.erb (1.1ms)
  Rendered /Users/Shilpa/.rvm/gems/ruby-1.9.3-p194/gems/actionpack-3.2.8/lib/action_dispatch/middleware/templates/rescues/template_error.erb within rescues/layout (10.6ms)


Started GET "/student/show" for 127.0.0.1 at 2012-10-08 12:30:54 +0530
Processing by StudentController#show as HTML
  [1m[36mStudent Load (0.2ms)[0m  [1mSELECT "students".* FROM "students" [0m
  Rendered student/show.html.erb within layouts/application (0.9ms)
Completed 500 Internal Server Error in 4ms

ActionView::Template::Error (undefined method `name' for nil:NilClass):
    1: <h1>Details of a Student</h1>
    2: <p>Name</p>
    3: <%=  @student[0].name %>
    4: <p>Branch</p>
    5: <%= @student[0].branch %>
  app/views/student/show.html.erb:3:in `_app_views_student_show_html_erb___4011461899158097901_70228051707220'


  Rendered /Users/Shilpa/.rvm/gems/ruby-1.9.3-p194/gems/actionpack-3.2.8/lib/action_dispatch/middleware/templates/rescues/_trace.erb (1.2ms)
  Rendered /Users/Shilpa/.rvm/gems/ruby-1.9.3-p194/gems/actionpack-3.2.8/lib/action_dispatch/middleware/templates/rescues/_request_and_response.erb (0.7ms)
  Rendered /Users/Shilpa/.rvm/gems/ruby-1.9.3-p194/gems/actionpack-3.2.8/lib/action_dispatch/middleware/templates/rescues/template_error.erb within rescues/layout (7.1ms)


Started GET "/student/show" for 127.0.0.1 at 2012-10-08 12:30:55 +0530
Processing by StudentController#show as HTML
  [1m[35mStudent Load (0.2ms)[0m  SELECT "students".* FROM "students" 
  Rendered student/show.html.erb within layouts/application (0.6ms)
Completed 500 Internal Server Error in 4ms

ActionView::Template::Error (undefined method `name' for nil:NilClass):
    1: <h1>Details of a Student</h1>
    2: <p>Name</p>
    3: <%=  @student[0].name %>
    4: <p>Branch</p>
    5: <%= @student[0].branch %>
  app/views/student/show.html.erb:3:in `_app_views_student_show_html_erb___4011461899158097901_70228051707220'


  Rendered /Users/Shilpa/.rvm/gems/ruby-1.9.3-p194/gems/actionpack-3.2.8/lib/action_dispatch/middleware/templates/rescues/_trace.erb (1.5ms)
  Rendered /Users/Shilpa/.rvm/gems/ruby-1.9.3-p194/gems/actionpack-3.2.8/lib/action_dispatch/middleware/templates/rescues/_request_and_response.erb (1.3ms)
  Rendered /Users/Shilpa/.rvm/gems/ruby-1.9.3-p194/gems/actionpack-3.2.8/lib/action_dispatch/middleware/templates/rescues/template_error.erb within rescues/layout (8.4ms)


Started GET "/student/show" for 127.0.0.1 at 2012-10-08 12:34:02 +0530
Processing by StudentController#show as HTML
  [1m[36mStudent Load (0.1ms)[0m  [1mSELECT "students".* FROM "students" [0m
  [1m[35m (0.1ms)[0m  SELECT COUNT(*) FROM "students" 
  Rendered student/show.html.erb within layouts/application (0.3ms)
Completed 200 OK in 18ms (Views: 16.0ms | ActiveRecord: 0.5ms)


Started GET "/assets/application.css?body=1" for 127.0.0.1 at 2012-10-08 12:34:03 +0530
Served asset /application.css - 304 Not Modified (3ms)


Started GET "/assets/jquery.js?body=1" for 127.0.0.1 at 2012-10-08 12:34:03 +0530
Served asset /jquery.js - 304 Not Modified (1ms)


Started GET "/assets/stdent.css?body=1" for 127.0.0.1 at 2012-10-08 12:34:03 +0530
Served asset /stdent.css - 304 Not Modified (1ms)


Started GET "/assets/jquery_ujs.js?body=1" for 127.0.0.1 at 2012-10-08 12:34:03 +0530
Served asset /jquery_ujs.js - 304 Not Modified (1ms)


Started GET "/assets/application.js?body=1" for 127.0.0.1 at 2012-10-08 12:34:03 +0530
Served asset /application.js - 304 Not Modified (3ms)


Started GET "/assets/stdent.js?body=1" for 127.0.0.1 at 2012-10-08 12:34:03 +0530
Served asset /stdent.js - 304 Not Modified (1ms)
Connecting to database specified by database.yml
  [1m[36m (0.1ms)[0m  [1mSELECT "schema_migrations"."version" FROM "schema_migrations" [0m
Connecting to database specified by database.yml
  [1m[36m (0.1ms)[0m  [1mSELECT "schema_migrations"."version" FROM "schema_migrations" [0m
Migrating to CreateStudents (20121008064845)
  [1m[35m (0.0ms)[0m  select sqlite_version(*)
  [1m[36m (0.0ms)[0m  [1mbegin transaction[0m
  [1m[35m (0.1ms)[0m  CREATE TABLE "students" ("id" INTEGER PRIMARY KEY AUTOINCREMENT NOT NULL, "name" varchar(255), "branch" varchar(255), "created_at" datetime NOT NULL, "updated_at" datetime NOT NULL) 
SQLite3::SQLException: table "students" already exists: CREATE TABLE "students" ("id" INTEGER PRIMARY KEY AUTOINCREMENT NOT NULL, "name" varchar(255), "branch" varchar(255), "created_at" datetime NOT NULL, "updated_at" datetime NOT NULL) 
  [1m[36m (0.0ms)[0m  [1mrollback transaction[0m
Connecting to database specified by database.yml
  [1m[36m (0.1ms)[0m  [1mSELECT "schema_migrations"."version" FROM "schema_migrations" [0m
Connecting to database specified by database.yml
  [1m[36m (0.2ms)[0m  [1mselect sqlite_version(*)[0m
  [1m[35m (0.1ms)[0m  SELECT "schema_migrations"."version" FROM "schema_migrations" 
  [1m[36m (0.0ms)[0m  [1mPRAGMA index_list("students")[0m
Connecting to database specified by database.yml
  [1m[36m (0.1ms)[0m  [1mSELECT "schema_migrations"."version" FROM "schema_migrations" [0m
Connecting to database specified by database.yml
  [1m[36m (0.2ms)[0m  [1mselect sqlite_version(*)[0m
  [1m[35m (0.1ms)[0m  SELECT "schema_migrations"."version" FROM "schema_migrations" 
  [1m[36m (0.0ms)[0m  [1mPRAGMA index_list("students")[0m


Started GET "/assets/rails.png" for 127.0.0.1 at 2012-10-08 13:11:55 +0530
Served asset /rails.png - 304 Not Modified (0ms)
Connecting to database specified by database.yml
  [1m[36m (0.2ms)[0m  [1mselect sqlite_version(*)[0m
  [1m[35m (0.1ms)[0m  SELECT "schema_migrations"."version" FROM "schema_migrations" 
  [1m[36m (0.0ms)[0m  [1mPRAGMA index_list("students")[0m
Connecting to database specified by database.yml
Connecting to database specified by database.yml
  [1m[36m (0.1ms)[0m  [1mSELECT "schema_migrations"."version" FROM "schema_migrations" [0m
Migrating to CreateStudents (20121008074854)
  [1m[35m (0.0ms)[0m  select sqlite_version(*)
  [1m[36m (0.0ms)[0m  [1mbegin transaction[0m
  [1m[35m (0.1ms)[0m  CREATE TABLE "students" ("id" INTEGER PRIMARY KEY AUTOINCREMENT NOT NULL, "name" varchar(255), "branch" varchar(255), "created_at" datetime NOT NULL, "updated_at" datetime NOT NULL) 
SQLite3::SQLException: table "students" already exists: CREATE TABLE "students" ("id" INTEGER PRIMARY KEY AUTOINCREMENT NOT NULL, "name" varchar(255), "branch" varchar(255), "created_at" datetime NOT NULL, "updated_at" datetime NOT NULL) 
  [1m[36m (0.0ms)[0m  [1mrollback transaction[0m
Connecting to database specified by database.yml
  [1m[36m (0.1ms)[0m  [1mSELECT "schema_migrations"."version" FROM "schema_migrations" [0m
Connecting to database specified by database.yml
  [1m[36m (0.1ms)[0m  [1mSELECT "schema_migrations"."version" FROM "schema_migrations" [0m
Migrating to CreateStudents (20121008074854)
  [1m[35m (0.0ms)[0m  select sqlite_version(*)
  [1m[36m (0.0ms)[0m  [1mbegin transaction[0m
  [1m[35m (0.2ms)[0m  CREATE TABLE "students" ("id" INTEGER PRIMARY KEY AUTOINCREMENT NOT NULL, "name" varchar(255), "branch" varchar(255), "created_at" datetime NOT NULL, "updated_at" datetime NOT NULL) 
SQLite3::SQLException: table "students" already exists: CREATE TABLE "students" ("id" INTEGER PRIMARY KEY AUTOINCREMENT NOT NULL, "name" varchar(255), "branch" varchar(255), "created_at" datetime NOT NULL, "updated_at" datetime NOT NULL) 
  [1m[36m (0.0ms)[0m  [1mrollback transaction[0m
Connecting to database specified by database.yml
  [1m[36m (0.1ms)[0m  [1mSELECT "schema_migrations"."version" FROM "schema_migrations" [0m
Migrating to CreateStudents (20121008074854)
  [1m[35m (0.0ms)[0m  select sqlite_version(*)
  [1m[36m (0.0ms)[0m  [1mbegin transaction[0m
  [1m[35m (0.1ms)[0m  CREATE TABLE "students" ("id" INTEGER PRIMARY KEY AUTOINCREMENT NOT NULL, "name" varchar(255), "branch" varchar(255), "created_at" datetime NOT NULL, "updated_at" datetime NOT NULL) 
SQLite3::SQLException: table "students" already exists: CREATE TABLE "students" ("id" INTEGER PRIMARY KEY AUTOINCREMENT NOT NULL, "name" varchar(255), "branch" varchar(255), "created_at" datetime NOT NULL, "updated_at" datetime NOT NULL) 
  [1m[36m (0.0ms)[0m  [1mrollback transaction[0m
Connecting to database specified by database.yml
  [1m[36m (0.2ms)[0m  [1mselect sqlite_version(*)[0m
  [1m[35m (0.1ms)[0m  SELECT "schema_migrations"."version" FROM "schema_migrations" 
  [1m[36m (0.0ms)[0m  [1mPRAGMA index_list("students")[0m
Connecting to database specified by database.yml
  [1m[36m (0.2ms)[0m  [1mselect sqlite_version(*)[0m
  [1m[35m (0.1ms)[0m  SELECT "schema_migrations"."version" FROM "schema_migrations" 
  [1m[36m (0.0ms)[0m  [1mPRAGMA index_list("students")[0m
Connecting to database specified by database.yml
Connecting to database specified by database.yml
  [1m[36m (0.1ms)[0m  [1mSELECT "schema_migrations"."version" FROM "schema_migrations" [0m
Migrating to DropTablename (20121008075720)
  [1m[35m (0.0ms)[0m  select sqlite_version(*)
  [1m[36m (0.0ms)[0m  [1mbegin transaction[0m
  [1m[35m (0.1ms)[0m  DELETE TABLE 'Students'
SQLite3::SQLException: near "TABLE": syntax error: DELETE TABLE 'Students'
  [1m[36m (0.0ms)[0m  [1mrollback transaction[0m
Connecting to database specified by database.yml
  [1m[36m (0.1ms)[0m  [1mSELECT "schema_migrations"."version" FROM "schema_migrations" [0m
Migrating to DropTablename (20121008075720)
  [1m[35m (0.0ms)[0m  select sqlite_version(*)
  [1m[36m (0.0ms)[0m  [1mbegin transaction[0m
  [1m[35m (0.3ms)[0m  DROP TABLE 'Students' 
  [1m[36m (0.1ms)[0m  [1mINSERT INTO "schema_migrations" ("version") VALUES ('20121008075720')[0m
  [1m[35m (2.4ms)[0m  commit transaction
  [1m[36m (0.2ms)[0m  [1mselect sqlite_version(*)[0m
  [1m[35m (0.1ms)[0m  SELECT "schema_migrations"."version" FROM "schema_migrations" 
Connecting to database specified by database.yml
Connecting to database specified by database.yml
  [1m[36m (0.1ms)[0m  [1mSELECT "schema_migrations"."version" FROM "schema_migrations" [0m
Migrating to DropTablename (20121008075720)
Migrating to CreateStudents (20121008080506)
  [1m[35m (0.0ms)[0m  select sqlite_version(*)
  [1m[36m (0.0ms)[0m  [1mbegin transaction[0m
  [1m[35m (0.4ms)[0m  CREATE TABLE "students" ("id" INTEGER PRIMARY KEY AUTOINCREMENT NOT NULL, "name" varchar(255), "branch" varchar(255), "created_at" datetime NOT NULL, "updated_at" datetime NOT NULL) 
  [1m[36m (0.1ms)[0m  [1mINSERT INTO "schema_migrations" ("version") VALUES ('20121008080506')[0m
  [1m[35m (3.4ms)[0m  commit transaction
  [1m[36m (0.2ms)[0m  [1mselect sqlite_version(*)[0m
  [1m[35m (0.1ms)[0m  SELECT "schema_migrations"."version" FROM "schema_migrations" 
  [1m[36m (0.0ms)[0m  [1mPRAGMA index_list("students")[0m
Connecting to database specified by database.yml
  [1m[36m (0.1ms)[0m  [1mSELECT "schema_migrations"."version" FROM "schema_migrations" [0m
  [1m[35m (0.0ms)[0m  begin transaction
  [1m[36mSQL (6.6ms)[0m  [1mINSERT INTO "students" ("branch", "created_at", "name", "updated_at") VALUES (?, ?, ?, ?)[0m  [["branch", "cse"], ["created_at", Mon, 08 Oct 2012 08:05:43 UTC +00:00], ["name", "Vinay"], ["updated_at", Mon, 08 Oct 2012 08:05:43 UTC +00:00]]
  [1m[35m (1.1ms)[0m  commit transaction
Connecting to database specified by database.yml
  [1m[36m (0.1ms)[0m  [1mSELECT "schema_migrations"."version" FROM "schema_migrations" [0m
Migrating to CreateStudents (20121008080506)
  [1m[35m (0.2ms)[0m  select sqlite_version(*)
  [1m[36m (0.1ms)[0m  [1mSELECT "schema_migrations"."version" FROM "schema_migrations" [0m
  [1m[35m (0.0ms)[0m  PRAGMA index_list("students")
Connecting to database specified by database.yml
  [1m[36m (0.1ms)[0m  [1mSELECT "schema_migrations"."version" FROM "schema_migrations" [0m
  [1m[35m (0.0ms)[0m  begin transaction
  [1m[36mSQL (2.7ms)[0m  [1mINSERT INTO "students" ("branch", "created_at", "name", "updated_at") VALUES (?, ?, ?, ?)[0m  [["branch", "cse"], ["created_at", Mon, 08 Oct 2012 08:06:31 UTC +00:00], ["name", "Vinay"], ["updated_at", Mon, 08 Oct 2012 08:06:31 UTC +00:00]]
  [1m[35m (1.9ms)[0m  commit transaction


Started GET "/student/show" for 127.0.0.1 at 2012-10-08 13:36:37 +0530
Processing by StudentController#show as HTML
  [1m[36mStudent Load (0.1ms)[0m  [1mSELECT "students".* FROM "students" [0m
  [1m[35m (0.1ms)[0m  SELECT COUNT(*) FROM "students" 
  Rendered student/show.html.erb within layouts/application (0.0ms)
Completed 200 OK in 11ms (Views: 3.6ms | ActiveRecord: 0.7ms)


Started GET "/assets/stdent.css?body=1" for 127.0.0.1 at 2012-10-08 13:36:37 +0530
Served asset /stdent.css - 304 Not Modified (0ms)


Started GET "/assets/application.css?body=1" for 127.0.0.1 at 2012-10-08 13:36:37 +0530
Served asset /application.css - 304 Not Modified (0ms)


Started GET "/assets/jquery.js?body=1" for 127.0.0.1 at 2012-10-08 13:36:37 +0530
Served asset /jquery.js - 304 Not Modified (0ms)


Started GET "/assets/jquery_ujs.js?body=1" for 127.0.0.1 at 2012-10-08 13:36:37 +0530
Served asset /jquery_ujs.js - 304 Not Modified (0ms)


Started GET "/assets/application.js?body=1" for 127.0.0.1 at 2012-10-08 13:36:37 +0530
Served asset /application.js - 304 Not Modified (0ms)


Started GET "/assets/stdent.js?body=1" for 127.0.0.1 at 2012-10-08 13:36:37 +0530
Served asset /stdent.js - 304 Not Modified (0ms)


Started GET "/student/show" for 127.0.0.1 at 2012-10-08 13:39:06 +0530
Processing by StudentController#show as HTML
  [1m[36mStudent Load (0.1ms)[0m  [1mSELECT "students".* FROM "students" [0m
  Rendered student/show.html.erb within layouts/application (0.3ms)
Completed 200 OK in 9ms (Views: 3.6ms | ActiveRecord: 0.4ms)


Started GET "/assets/application.css?body=1" for 127.0.0.1 at 2012-10-08 13:39:06 +0530
Served asset /application.css - 304 Not Modified (0ms)


Started GET "/assets/stdent.css?body=1" for 127.0.0.1 at 2012-10-08 13:39:06 +0530
Served asset /stdent.css - 304 Not Modified (0ms)


Started GET "/assets/jquery.js?body=1" for 127.0.0.1 at 2012-10-08 13:39:06 +0530
Served asset /jquery.js - 304 Not Modified (0ms)


Started GET "/assets/application.js?body=1" for 127.0.0.1 at 2012-10-08 13:39:06 +0530
Served asset /application.js - 304 Not Modified (0ms)


Started GET "/assets/jquery_ujs.js?body=1" for 127.0.0.1 at 2012-10-08 13:39:06 +0530
Served asset /jquery_ujs.js - 304 Not Modified (0ms)


Started GET "/assets/stdent.js?body=1" for 127.0.0.1 at 2012-10-08 13:39:06 +0530
Served asset /stdent.js - 304 Not Modified (0ms)
Connecting to database specified by database.yml
